<?xml version='1.0' encoding='UTF-8'?>
<testsuite hostname="doniyor" name="tests.easy.TwoSumTest" tests="3" errors="0" failures="0" skipped="0" time="0.015" timestamp="2024-09-01T19:07:25">
          <properties>
[...]
</properties>
          <testcase classname="tests.easy.TwoSumTest" name="TwoSum should return correct indices for a valid pair" time="0.014">
                      
                    </testcase><testcase classname="tests.easy.TwoSumTest" name="TwoSum should return correct indices for another valid pair" time="0.001">
                      
                    </testcase><testcase classname="tests.easy.TwoSumTest" name="TwoSum should handle negative numbers correctly" time="0.0">
                      
                    </testcase>
          <system-out><![CDATA[]]></system-out>
          <system-err><![CDATA[]]></system-err>
        </testsuite>